<?xml version="1.0" encoding="UTF-8"?>
<testsuite xmlns:xsi="http://www.w3.org/2001/XMLSchema-instance" xsi:noNamespaceSchemaLocation="https://maven.apache.org/surefire/maven-surefire-plugin/xsd/surefire-test-report.xsd" name="com.robin.edugatewayboot.EduGatewayBootApplicationTests" time="9.867" tests="1" errors="0" skipped="0" failures="0">
  <properties>
    <property name="sun.desktop" value="windows"/>
    <property name="awt.toolkit" value="sun.awt.windows.WToolkit"/>
    <property name="java.specification.version" value="11"/>
    <property name="sun.cpu.isalist" value="amd64"/>
    <property name="sun.jnu.encoding" value="GBK"/>
    <property name="java.class.path" value="D:\Java就业急训营\作业\stage-10\edu\edu-gateway-boot\target\test-classes;D:\Java就业急训营\作业\stage-10\edu\edu-gateway-boot\target\classes;D:\Software\maven_repository\org\springframework\cloud\spring-cloud-starter-netflix-eureka-client\3.0.0\spring-cloud-starter-netflix-eureka-client-3.0.0.jar;D:\Software\maven_repository\org\springframework\cloud\spring-cloud-starter\3.0.0\spring-cloud-starter-3.0.0.jar;D:\Software\maven_repository\org\springframework\cloud\spring-cloud-context\3.0.0\spring-cloud-context-3.0.0.jar;D:\Software\maven_repository\org\springframework\security\spring-security-crypto\5.4.2\spring-security-crypto-5.4.2.jar;D:\Software\maven_repository\org\springframework\cloud\spring-cloud-commons\3.0.0\spring-cloud-commons-3.0.0.jar;D:\Software\maven_repository\org\springframework\security\spring-security-rsa\1.0.9.RELEASE\spring-security-rsa-1.0.9.RELEASE.jar;D:\Software\maven_repository\org\bouncycastle\bcpkix-jdk15on\1.64\bcpkix-jdk15on-1.64.jar;D:\Software\maven_repository\org\bouncycastle\bcprov-jdk15on\1.64\bcprov-jdk15on-1.64.jar;D:\Software\maven_repository\org\springframework\cloud\spring-cloud-netflix-eureka-client\3.0.0\spring-cloud-netflix-eureka-client-3.0.0.jar;D:\Software\maven_repository\com\netflix\eureka\eureka-client\1.10.10\eureka-client-1.10.10.jar;D:\Software\maven_repository\com\netflix\netflix-commons\netflix-eventbus\0.3.0\netflix-eventbus-0.3.0.jar;D:\Software\maven_repository\com\netflix\netflix-commons\netflix-infix\0.3.0\netflix-infix-0.3.0.jar;D:\Software\maven_repository\commons-jxpath\commons-jxpath\1.3\commons-jxpath-1.3.jar;D:\Software\maven_repository\joda-time\joda-time\2.3\joda-time-2.3.jar;D:\Software\maven_repository\org\antlr\antlr-runtime\3.4\antlr-runtime-3.4.jar;D:\Software\maven_repository\org\antlr\stringtemplate\3.2.1\stringtemplate-3.2.1.jar;D:\Software\maven_repository\antlr\antlr\2.7.7\antlr-2.7.7.jar;D:\Software\maven_repository\com\google\code\gson\gson\2.8.6\gson-2.8.6.jar;D:\Software\maven_repository\org\apache\commons\commons-math\2.2\commons-math-2.2.jar;D:\Software\maven_repository\javax\ws\rs\jsr311-api\1.1.1\jsr311-api-1.1.1.jar;D:\Software\maven_repository\com\netflix\servo\servo-core\0.12.21\servo-core-0.12.21.jar;D:\Software\maven_repository\com\google\guava\guava\19.0\guava-19.0.jar;D:\Software\maven_repository\org\apache\httpcomponents\httpclient\4.5.13\httpclient-4.5.13.jar;D:\Software\maven_repository\org\apache\httpcomponents\httpcore\4.4.14\httpcore-4.4.14.jar;D:\Software\maven_repository\commons-codec\commons-codec\1.15\commons-codec-1.15.jar;D:\Software\maven_repository\commons-configuration\commons-configuration\1.10\commons-configuration-1.10.jar;D:\Software\maven_repository\commons-lang\commons-lang\2.6\commons-lang-2.6.jar;D:\Software\maven_repository\com\google\inject\guice\4.1.0\guice-4.1.0.jar;D:\Software\maven_repository\javax\inject\javax.inject\1\javax.inject-1.jar;D:\Software\maven_repository\aopalliance\aopalliance\1.0\aopalliance-1.0.jar;D:\Software\maven_repository\com\fasterxml\jackson\core\jackson-annotations\2.11.4\jackson-annotations-2.11.4.jar;D:\Software\maven_repository\com\fasterxml\jackson\core\jackson-core\2.11.4\jackson-core-2.11.4.jar;D:\Software\maven_repository\com\fasterxml\jackson\core\jackson-databind\2.11.4\jackson-databind-2.11.4.jar;D:\Software\maven_repository\org\codehaus\jettison\jettison\1.4.0\jettison-1.4.0.jar;D:\Software\maven_repository\com\netflix\eureka\eureka-core\1.10.10\eureka-core-1.10.10.jar;D:\Software\maven_repository\com\fasterxml\woodstox\woodstox-core\5.3.0\woodstox-core-5.3.0.jar;D:\Software\maven_repository\org\codehaus\woodstox\stax2-api\4.2\stax2-api-4.2.jar;D:\Software\maven_repository\org\springframework\cloud\spring-cloud-starter-loadbalancer\3.0.0\spring-cloud-starter-loadbalancer-3.0.0.jar;D:\Software\maven_repository\org\springframework\cloud\spring-cloud-loadbalancer\3.0.0\spring-cloud-loadbalancer-3.0.0.jar;D:\Software\maven_repository\org\springframework\boot\spring-boot-starter-cache\2.4.2\spring-boot-starter-cache-2.4.2.jar;D:\Software\maven_repository\org\springframework\spring-context-support\5.3.3\spring-context-support-5.3.3.jar;D:\Software\maven_repository\com\stoyanr\evictor\1.0.0\evictor-1.0.0.jar;D:\Software\maven_repository\com\thoughtworks\xstream\xstream\1.4.14\xstream-1.4.14.jar;D:\Software\maven_repository\xmlpull\xmlpull\1.1.3.1\xmlpull-1.1.3.1.jar;D:\Software\maven_repository\xpp3\xpp3_min\1.1.4c\xpp3_min-1.1.4c.jar;D:\Software\maven_repository\org\springframework\cloud\spring-cloud-starter-gateway\3.0.0\spring-cloud-starter-gateway-3.0.0.jar;D:\Software\maven_repository\org\springframework\cloud\spring-cloud-gateway-server\3.0.0\spring-cloud-gateway-server-3.0.0.jar;D:\Software\maven_repository\org\springframework\boot\spring-boot-starter-validation\2.4.2\spring-boot-starter-validation-2.4.2.jar;D:\Software\maven_repository\org\glassfish\jakarta.el\3.0.3\jakarta.el-3.0.3.jar;D:\Software\maven_repository\org\hibernate\validator\hibernate-validator\6.1.7.Final\hibernate-validator-6.1.7.Final.jar;D:\Software\maven_repository\jakarta\validation\jakarta.validation-api\2.0.2\jakarta.validation-api-2.0.2.jar;D:\Software\maven_repository\org\jboss\logging\jboss-logging\3.4.1.Final\jboss-logging-3.4.1.Final.jar;D:\Software\maven_repository\com\fasterxml\classmate\1.5.1\classmate-1.5.1.jar;D:\Software\maven_repository\io\projectreactor\addons\reactor-extra\3.4.2\reactor-extra-3.4.2.jar;D:\Software\maven_repository\org\springframework\boot\spring-boot-starter-webflux\2.4.2\spring-boot-starter-webflux-2.4.2.jar;D:\Software\maven_repository\org\springframework\boot\spring-boot-starter-json\2.4.2\spring-boot-starter-json-2.4.2.jar;D:\Software\maven_repository\com\fasterxml\jackson\datatype\jackson-datatype-jdk8\2.11.4\jackson-datatype-jdk8-2.11.4.jar;D:\Software\maven_repository\com\fasterxml\jackson\datatype\jackson-datatype-jsr310\2.11.4\jackson-datatype-jsr310-2.11.4.jar;D:\Software\maven_repository\com\fasterxml\jackson\module\jackson-module-parameter-names\2.11.4\jackson-module-parameter-names-2.11.4.jar;D:\Software\maven_repository\org\springframework\boot\spring-boot-starter-reactor-netty\2.4.2\spring-boot-starter-reactor-netty-2.4.2.jar;D:\Software\maven_repository\io\projectreactor\netty\reactor-netty-http\1.0.3\reactor-netty-http-1.0.3.jar;D:\Software\maven_repository\io\netty\netty-codec-http\4.1.58.Final\netty-codec-http-4.1.58.Final.jar;D:\Software\maven_repository\io\netty\netty-common\4.1.58.Final\netty-common-4.1.58.Final.jar;D:\Software\maven_repository\io\netty\netty-buffer\4.1.58.Final\netty-buffer-4.1.58.Final.jar;D:\Software\maven_repository\io\netty\netty-transport\4.1.58.Final\netty-transport-4.1.58.Final.jar;D:\Software\maven_repository\io\netty\netty-codec\4.1.58.Final\netty-codec-4.1.58.Final.jar;D:\Software\maven_repository\io\netty\netty-handler\4.1.58.Final\netty-handler-4.1.58.Final.jar;D:\Software\maven_repository\io\netty\netty-codec-http2\4.1.58.Final\netty-codec-http2-4.1.58.Final.jar;D:\Software\maven_repository\io\netty\netty-resolver-dns\4.1.58.Final\netty-resolver-dns-4.1.58.Final.jar;D:\Software\maven_repository\io\netty\netty-resolver\4.1.58.Final\netty-resolver-4.1.58.Final.jar;D:\Software\maven_repository\io\netty\netty-codec-dns\4.1.58.Final\netty-codec-dns-4.1.58.Final.jar;D:\Software\maven_repository\io\netty\netty-resolver-dns-native-macos\4.1.58.Final\netty-resolver-dns-native-macos-4.1.58.Final-osx-x86_64.jar;D:\Software\maven_repository\io\netty\netty-transport-native-unix-common\4.1.58.Final\netty-transport-native-unix-common-4.1.58.Final.jar;D:\Software\maven_repository\io\netty\netty-transport-native-epoll\4.1.58.Final\netty-transport-native-epoll-4.1.58.Final-linux-x86_64.jar;D:\Software\maven_repository\io\projectreactor\netty\reactor-netty-core\1.0.3\reactor-netty-core-1.0.3.jar;D:\Software\maven_repository\io\netty\netty-handler-proxy\4.1.58.Final\netty-handler-proxy-4.1.58.Final.jar;D:\Software\maven_repository\io\netty\netty-codec-socks\4.1.58.Final\netty-codec-socks-4.1.58.Final.jar;D:\Software\maven_repository\org\springframework\spring-web\5.3.3\spring-web-5.3.3.jar;D:\Software\maven_repository\org\springframework\spring-beans\5.3.3\spring-beans-5.3.3.jar;D:\Software\maven_repository\org\springframework\spring-webflux\5.3.3\spring-webflux-5.3.3.jar;D:\Software\maven_repository\io\projectreactor\reactor-core\3.4.2\reactor-core-3.4.2.jar;D:\Software\maven_repository\org\reactivestreams\reactive-streams\1.0.3\reactive-streams-1.0.3.jar;D:\Software\maven_repository\org\springframework\boot\spring-boot-starter\2.4.2\spring-boot-starter-2.4.2.jar;D:\Software\maven_repository\org\springframework\boot\spring-boot\2.4.2\spring-boot-2.4.2.jar;D:\Software\maven_repository\org\springframework\spring-context\5.3.3\spring-context-5.3.3.jar;D:\Software\maven_repository\org\springframework\spring-aop\5.3.3\spring-aop-5.3.3.jar;D:\Software\maven_repository\org\springframework\spring-expression\5.3.3\spring-expression-5.3.3.jar;D:\Software\maven_repository\org\springframework\boot\spring-boot-autoconfigure\2.4.2\spring-boot-autoconfigure-2.4.2.jar;D:\Software\maven_repository\org\springframework\boot\spring-boot-starter-logging\2.4.2\spring-boot-starter-logging-2.4.2.jar;D:\Software\maven_repository\ch\qos\logback\logback-classic\1.2.3\logback-classic-1.2.3.jar;D:\Software\maven_repository\ch\qos\logback\logback-core\1.2.3\logback-core-1.2.3.jar;D:\Software\maven_repository\org\apache\logging\log4j\log4j-to-slf4j\2.13.3\log4j-to-slf4j-2.13.3.jar;D:\Software\maven_repository\org\apache\logging\log4j\log4j-api\2.13.3\log4j-api-2.13.3.jar;D:\Software\maven_repository\org\slf4j\jul-to-slf4j\1.7.30\jul-to-slf4j-1.7.30.jar;D:\Software\maven_repository\jakarta\annotation\jakarta.annotation-api\1.3.5\jakarta.annotation-api-1.3.5.jar;D:\Software\maven_repository\org\springframework\spring-core\5.3.3\spring-core-5.3.3.jar;D:\Software\maven_repository\org\springframework\spring-jcl\5.3.3\spring-jcl-5.3.3.jar;D:\Software\maven_repository\org\yaml\snakeyaml\1.27\snakeyaml-1.27.jar;D:\Software\maven_repository\org\springframework\boot\spring-boot-starter-test\2.4.2\spring-boot-starter-test-2.4.2.jar;D:\Software\maven_repository\org\springframework\boot\spring-boot-test\2.4.2\spring-boot-test-2.4.2.jar;D:\Software\maven_repository\org\springframework\boot\spring-boot-test-autoconfigure\2.4.2\spring-boot-test-autoconfigure-2.4.2.jar;D:\Software\maven_repository\com\jayway\jsonpath\json-path\2.4.0\json-path-2.4.0.jar;D:\Software\maven_repository\net\minidev\json-smart\2.3\json-smart-2.3.jar;D:\Software\maven_repository\net\minidev\accessors-smart\1.2\accessors-smart-1.2.jar;D:\Software\maven_repository\org\ow2\asm\asm\5.0.4\asm-5.0.4.jar;D:\Software\maven_repository\org\slf4j\slf4j-api\1.7.30\slf4j-api-1.7.30.jar;D:\Software\maven_repository\jakarta\xml\bind\jakarta.xml.bind-api\2.3.3\jakarta.xml.bind-api-2.3.3.jar;D:\Software\maven_repository\jakarta\activation\jakarta.activation-api\1.2.2\jakarta.activation-api-1.2.2.jar;D:\Software\maven_repository\org\assertj\assertj-core\3.18.1\assertj-core-3.18.1.jar;D:\Software\maven_repository\org\hamcrest\hamcrest\2.2\hamcrest-2.2.jar;D:\Software\maven_repository\org\junit\jupiter\junit-jupiter\5.7.0\junit-jupiter-5.7.0.jar;D:\Software\maven_repository\org\junit\jupiter\junit-jupiter-api\5.7.0\junit-jupiter-api-5.7.0.jar;D:\Software\maven_repository\org\apiguardian\apiguardian-api\1.1.0\apiguardian-api-1.1.0.jar;D:\Software\maven_repository\org\opentest4j\opentest4j\1.2.0\opentest4j-1.2.0.jar;D:\Software\maven_repository\org\junit\platform\junit-platform-commons\1.7.0\junit-platform-commons-1.7.0.jar;D:\Software\maven_repository\org\junit\jupiter\junit-jupiter-params\5.7.0\junit-jupiter-params-5.7.0.jar;D:\Software\maven_repository\org\junit\jupiter\junit-jupiter-engine\5.7.0\junit-jupiter-engine-5.7.0.jar;D:\Software\maven_repository\org\junit\platform\junit-platform-engine\1.7.0\junit-platform-engine-1.7.0.jar;D:\Software\maven_repository\org\mockito\mockito-core\3.6.28\mockito-core-3.6.28.jar;D:\Software\maven_repository\net\bytebuddy\byte-buddy\1.10.19\byte-buddy-1.10.19.jar;D:\Software\maven_repository\net\bytebuddy\byte-buddy-agent\1.10.19\byte-buddy-agent-1.10.19.jar;D:\Software\maven_repository\org\objenesis\objenesis\3.1\objenesis-3.1.jar;D:\Software\maven_repository\org\mockito\mockito-junit-jupiter\3.6.28\mockito-junit-jupiter-3.6.28.jar;D:\Software\maven_repository\org\skyscreamer\jsonassert\1.5.0\jsonassert-1.5.0.jar;D:\Software\maven_repository\com\vaadin\external\google\android-json\0.0.20131108.vaadin1\android-json-0.0.20131108.vaadin1.jar;D:\Software\maven_repository\org\springframework\spring-test\5.3.3\spring-test-5.3.3.jar;D:\Software\maven_repository\org\xmlunit\xmlunit-core\2.7.0\xmlunit-core-2.7.0.jar;"/>
    <property name="java.vm.vendor" value="Oracle Corporation"/>
    <property name="sun.arch.data.model" value="64"/>
    <property name="user.variant" value=""/>
    <property name="java.vendor.url" value="http://java.oracle.com/"/>
    <property name="user.timezone" value="Asia/Shanghai"/>
    <property name="java.vm.specification.version" value="11"/>
    <property name="os.name" value="Windows 10"/>
    <property name="sun.java.launcher" value="SUN_STANDARD"/>
    <property name="user.country" value="CN"/>
    <property name="sun.boot.library.path" value="D:\Software\Java\jdk-11.0.2\bin"/>
    <property name="sun.java.command" value="C:\Users\robin\AppData\Local\Temp\surefire1803520835278565663\surefirebooter14096095112360274461.jar C:\Users\robin\AppData\Local\Temp\surefire1803520835278565663 2021-08-02T10-46-13_447-jvmRun1 surefire11466939923835714723tmp surefire_012912004421408487448tmp"/>
    <property name="jdk.debug" value="release"/>
    <property name="surefire.test.class.path" value="D:\Java就业急训营\作业\stage-10\edu\edu-gateway-boot\target\test-classes;D:\Java就业急训营\作业\stage-10\edu\edu-gateway-boot\target\classes;D:\Software\maven_repository\org\springframework\cloud\spring-cloud-starter-netflix-eureka-client\3.0.0\spring-cloud-starter-netflix-eureka-client-3.0.0.jar;D:\Software\maven_repository\org\springframework\cloud\spring-cloud-starter\3.0.0\spring-cloud-starter-3.0.0.jar;D:\Software\maven_repository\org\springframework\cloud\spring-cloud-context\3.0.0\spring-cloud-context-3.0.0.jar;D:\Software\maven_repository\org\springframework\security\spring-security-crypto\5.4.2\spring-security-crypto-5.4.2.jar;D:\Software\maven_repository\org\springframework\cloud\spring-cloud-commons\3.0.0\spring-cloud-commons-3.0.0.jar;D:\Software\maven_repository\org\springframework\security\spring-security-rsa\1.0.9.RELEASE\spring-security-rsa-1.0.9.RELEASE.jar;D:\Software\maven_repository\org\bouncycastle\bcpkix-jdk15on\1.64\bcpkix-jdk15on-1.64.jar;D:\Software\maven_repository\org\bouncycastle\bcprov-jdk15on\1.64\bcprov-jdk15on-1.64.jar;D:\Software\maven_repository\org\springframework\cloud\spring-cloud-netflix-eureka-client\3.0.0\spring-cloud-netflix-eureka-client-3.0.0.jar;D:\Software\maven_repository\com\netflix\eureka\eureka-client\1.10.10\eureka-client-1.10.10.jar;D:\Software\maven_repository\com\netflix\netflix-commons\netflix-eventbus\0.3.0\netflix-eventbus-0.3.0.jar;D:\Software\maven_repository\com\netflix\netflix-commons\netflix-infix\0.3.0\netflix-infix-0.3.0.jar;D:\Software\maven_repository\commons-jxpath\commons-jxpath\1.3\commons-jxpath-1.3.jar;D:\Software\maven_repository\joda-time\joda-time\2.3\joda-time-2.3.jar;D:\Software\maven_repository\org\antlr\antlr-runtime\3.4\antlr-runtime-3.4.jar;D:\Software\maven_repository\org\antlr\stringtemplate\3.2.1\stringtemplate-3.2.1.jar;D:\Software\maven_repository\antlr\antlr\2.7.7\antlr-2.7.7.jar;D:\Software\maven_repository\com\google\code\gson\gson\2.8.6\gson-2.8.6.jar;D:\Software\maven_repository\org\apache\commons\commons-math\2.2\commons-math-2.2.jar;D:\Software\maven_repository\javax\ws\rs\jsr311-api\1.1.1\jsr311-api-1.1.1.jar;D:\Software\maven_repository\com\netflix\servo\servo-core\0.12.21\servo-core-0.12.21.jar;D:\Software\maven_repository\com\google\guava\guava\19.0\guava-19.0.jar;D:\Software\maven_repository\org\apache\httpcomponents\httpclient\4.5.13\httpclient-4.5.13.jar;D:\Software\maven_repository\org\apache\httpcomponents\httpcore\4.4.14\httpcore-4.4.14.jar;D:\Software\maven_repository\commons-codec\commons-codec\1.15\commons-codec-1.15.jar;D:\Software\maven_repository\commons-configuration\commons-configuration\1.10\commons-configuration-1.10.jar;D:\Software\maven_repository\commons-lang\commons-lang\2.6\commons-lang-2.6.jar;D:\Software\maven_repository\com\google\inject\guice\4.1.0\guice-4.1.0.jar;D:\Software\maven_repository\javax\inject\javax.inject\1\javax.inject-1.jar;D:\Software\maven_repository\aopalliance\aopalliance\1.0\aopalliance-1.0.jar;D:\Software\maven_repository\com\fasterxml\jackson\core\jackson-annotations\2.11.4\jackson-annotations-2.11.4.jar;D:\Software\maven_repository\com\fasterxml\jackson\core\jackson-core\2.11.4\jackson-core-2.11.4.jar;D:\Software\maven_repository\com\fasterxml\jackson\core\jackson-databind\2.11.4\jackson-databind-2.11.4.jar;D:\Software\maven_repository\org\codehaus\jettison\jettison\1.4.0\jettison-1.4.0.jar;D:\Software\maven_repository\com\netflix\eureka\eureka-core\1.10.10\eureka-core-1.10.10.jar;D:\Software\maven_repository\com\fasterxml\woodstox\woodstox-core\5.3.0\woodstox-core-5.3.0.jar;D:\Software\maven_repository\org\codehaus\woodstox\stax2-api\4.2\stax2-api-4.2.jar;D:\Software\maven_repository\org\springframework\cloud\spring-cloud-starter-loadbalancer\3.0.0\spring-cloud-starter-loadbalancer-3.0.0.jar;D:\Software\maven_repository\org\springframework\cloud\spring-cloud-loadbalancer\3.0.0\spring-cloud-loadbalancer-3.0.0.jar;D:\Software\maven_repository\org\springframework\boot\spring-boot-starter-cache\2.4.2\spring-boot-starter-cache-2.4.2.jar;D:\Software\maven_repository\org\springframework\spring-context-support\5.3.3\spring-context-support-5.3.3.jar;D:\Software\maven_repository\com\stoyanr\evictor\1.0.0\evictor-1.0.0.jar;D:\Software\maven_repository\com\thoughtworks\xstream\xstream\1.4.14\xstream-1.4.14.jar;D:\Software\maven_repository\xmlpull\xmlpull\1.1.3.1\xmlpull-1.1.3.1.jar;D:\Software\maven_repository\xpp3\xpp3_min\1.1.4c\xpp3_min-1.1.4c.jar;D:\Software\maven_repository\org\springframework\cloud\spring-cloud-starter-gateway\3.0.0\spring-cloud-starter-gateway-3.0.0.jar;D:\Software\maven_repository\org\springframework\cloud\spring-cloud-gateway-server\3.0.0\spring-cloud-gateway-server-3.0.0.jar;D:\Software\maven_repository\org\springframework\boot\spring-boot-starter-validation\2.4.2\spring-boot-starter-validation-2.4.2.jar;D:\Software\maven_repository\org\glassfish\jakarta.el\3.0.3\jakarta.el-3.0.3.jar;D:\Software\maven_repository\org\hibernate\validator\hibernate-validator\6.1.7.Final\hibernate-validator-6.1.7.Final.jar;D:\Software\maven_repository\jakarta\validation\jakarta.validation-api\2.0.2\jakarta.validation-api-2.0.2.jar;D:\Software\maven_repository\org\jboss\logging\jboss-logging\3.4.1.Final\jboss-logging-3.4.1.Final.jar;D:\Software\maven_repository\com\fasterxml\classmate\1.5.1\classmate-1.5.1.jar;D:\Software\maven_repository\io\projectreactor\addons\reactor-extra\3.4.2\reactor-extra-3.4.2.jar;D:\Software\maven_repository\org\springframework\boot\spring-boot-starter-webflux\2.4.2\spring-boot-starter-webflux-2.4.2.jar;D:\Software\maven_repository\org\springframework\boot\spring-boot-starter-json\2.4.2\spring-boot-starter-json-2.4.2.jar;D:\Software\maven_repository\com\fasterxml\jackson\datatype\jackson-datatype-jdk8\2.11.4\jackson-datatype-jdk8-2.11.4.jar;D:\Software\maven_repository\com\fasterxml\jackson\datatype\jackson-datatype-jsr310\2.11.4\jackson-datatype-jsr310-2.11.4.jar;D:\Software\maven_repository\com\fasterxml\jackson\module\jackson-module-parameter-names\2.11.4\jackson-module-parameter-names-2.11.4.jar;D:\Software\maven_repository\org\springframework\boot\spring-boot-starter-reactor-netty\2.4.2\spring-boot-starter-reactor-netty-2.4.2.jar;D:\Software\maven_repository\io\projectreactor\netty\reactor-netty-http\1.0.3\reactor-netty-http-1.0.3.jar;D:\Software\maven_repository\io\netty\netty-codec-http\4.1.58.Final\netty-codec-http-4.1.58.Final.jar;D:\Software\maven_repository\io\netty\netty-common\4.1.58.Final\netty-common-4.1.58.Final.jar;D:\Software\maven_repository\io\netty\netty-buffer\4.1.58.Final\netty-buffer-4.1.58.Final.jar;D:\Software\maven_repository\io\netty\netty-transport\4.1.58.Final\netty-transport-4.1.58.Final.jar;D:\Software\maven_repository\io\netty\netty-codec\4.1.58.Final\netty-codec-4.1.58.Final.jar;D:\Software\maven_repository\io\netty\netty-handler\4.1.58.Final\netty-handler-4.1.58.Final.jar;D:\Software\maven_repository\io\netty\netty-codec-http2\4.1.58.Final\netty-codec-http2-4.1.58.Final.jar;D:\Software\maven_repository\io\netty\netty-resolver-dns\4.1.58.Final\netty-resolver-dns-4.1.58.Final.jar;D:\Software\maven_repository\io\netty\netty-resolver\4.1.58.Final\netty-resolver-4.1.58.Final.jar;D:\Software\maven_repository\io\netty\netty-codec-dns\4.1.58.Final\netty-codec-dns-4.1.58.Final.jar;D:\Software\maven_repository\io\netty\netty-resolver-dns-native-macos\4.1.58.Final\netty-resolver-dns-native-macos-4.1.58.Final-osx-x86_64.jar;D:\Software\maven_repository\io\netty\netty-transport-native-unix-common\4.1.58.Final\netty-transport-native-unix-common-4.1.58.Final.jar;D:\Software\maven_repository\io\netty\netty-transport-native-epoll\4.1.58.Final\netty-transport-native-epoll-4.1.58.Final-linux-x86_64.jar;D:\Software\maven_repository\io\projectreactor\netty\reactor-netty-core\1.0.3\reactor-netty-core-1.0.3.jar;D:\Software\maven_repository\io\netty\netty-handler-proxy\4.1.58.Final\netty-handler-proxy-4.1.58.Final.jar;D:\Software\maven_repository\io\netty\netty-codec-socks\4.1.58.Final\netty-codec-socks-4.1.58.Final.jar;D:\Software\maven_repository\org\springframework\spring-web\5.3.3\spring-web-5.3.3.jar;D:\Software\maven_repository\org\springframework\spring-beans\5.3.3\spring-beans-5.3.3.jar;D:\Software\maven_repository\org\springframework\spring-webflux\5.3.3\spring-webflux-5.3.3.jar;D:\Software\maven_repository\io\projectreactor\reactor-core\3.4.2\reactor-core-3.4.2.jar;D:\Software\maven_repository\org\reactivestreams\reactive-streams\1.0.3\reactive-streams-1.0.3.jar;D:\Software\maven_repository\org\springframework\boot\spring-boot-starter\2.4.2\spring-boot-starter-2.4.2.jar;D:\Software\maven_repository\org\springframework\boot\spring-boot\2.4.2\spring-boot-2.4.2.jar;D:\Software\maven_repository\org\springframework\spring-context\5.3.3\spring-context-5.3.3.jar;D:\Software\maven_repository\org\springframework\spring-aop\5.3.3\spring-aop-5.3.3.jar;D:\Software\maven_repository\org\springframework\spring-expression\5.3.3\spring-expression-5.3.3.jar;D:\Software\maven_repository\org\springframework\boot\spring-boot-autoconfigure\2.4.2\spring-boot-autoconfigure-2.4.2.jar;D:\Software\maven_repository\org\springframework\boot\spring-boot-starter-logging\2.4.2\spring-boot-starter-logging-2.4.2.jar;D:\Software\maven_repository\ch\qos\logback\logback-classic\1.2.3\logback-classic-1.2.3.jar;D:\Software\maven_repository\ch\qos\logback\logback-core\1.2.3\logback-core-1.2.3.jar;D:\Software\maven_repository\org\apache\logging\log4j\log4j-to-slf4j\2.13.3\log4j-to-slf4j-2.13.3.jar;D:\Software\maven_repository\org\apache\logging\log4j\log4j-api\2.13.3\log4j-api-2.13.3.jar;D:\Software\maven_repository\org\slf4j\jul-to-slf4j\1.7.30\jul-to-slf4j-1.7.30.jar;D:\Software\maven_repository\jakarta\annotation\jakarta.annotation-api\1.3.5\jakarta.annotation-api-1.3.5.jar;D:\Software\maven_repository\org\springframework\spring-core\5.3.3\spring-core-5.3.3.jar;D:\Software\maven_repository\org\springframework\spring-jcl\5.3.3\spring-jcl-5.3.3.jar;D:\Software\maven_repository\org\yaml\snakeyaml\1.27\snakeyaml-1.27.jar;D:\Software\maven_repository\org\springframework\boot\spring-boot-starter-test\2.4.2\spring-boot-starter-test-2.4.2.jar;D:\Software\maven_repository\org\springframework\boot\spring-boot-test\2.4.2\spring-boot-test-2.4.2.jar;D:\Software\maven_repository\org\springframework\boot\spring-boot-test-autoconfigure\2.4.2\spring-boot-test-autoconfigure-2.4.2.jar;D:\Software\maven_repository\com\jayway\jsonpath\json-path\2.4.0\json-path-2.4.0.jar;D:\Software\maven_repository\net\minidev\json-smart\2.3\json-smart-2.3.jar;D:\Software\maven_repository\net\minidev\accessors-smart\1.2\accessors-smart-1.2.jar;D:\Software\maven_repository\org\ow2\asm\asm\5.0.4\asm-5.0.4.jar;D:\Software\maven_repository\org\slf4j\slf4j-api\1.7.30\slf4j-api-1.7.30.jar;D:\Software\maven_repository\jakarta\xml\bind\jakarta.xml.bind-api\2.3.3\jakarta.xml.bind-api-2.3.3.jar;D:\Software\maven_repository\jakarta\activation\jakarta.activation-api\1.2.2\jakarta.activation-api-1.2.2.jar;D:\Software\maven_repository\org\assertj\assertj-core\3.18.1\assertj-core-3.18.1.jar;D:\Software\maven_repository\org\hamcrest\hamcrest\2.2\hamcrest-2.2.jar;D:\Software\maven_repository\org\junit\jupiter\junit-jupiter\5.7.0\junit-jupiter-5.7.0.jar;D:\Software\maven_repository\org\junit\jupiter\junit-jupiter-api\5.7.0\junit-jupiter-api-5.7.0.jar;D:\Software\maven_repository\org\apiguardian\apiguardian-api\1.1.0\apiguardian-api-1.1.0.jar;D:\Software\maven_repository\org\opentest4j\opentest4j\1.2.0\opentest4j-1.2.0.jar;D:\Software\maven_repository\org\junit\platform\junit-platform-commons\1.7.0\junit-platform-commons-1.7.0.jar;D:\Software\maven_repository\org\junit\jupiter\junit-jupiter-params\5.7.0\junit-jupiter-params-5.7.0.jar;D:\Software\maven_repository\org\junit\jupiter\junit-jupiter-engine\5.7.0\junit-jupiter-engine-5.7.0.jar;D:\Software\maven_repository\org\junit\platform\junit-platform-engine\1.7.0\junit-platform-engine-1.7.0.jar;D:\Software\maven_repository\org\mockito\mockito-core\3.6.28\mockito-core-3.6.28.jar;D:\Software\maven_repository\net\bytebuddy\byte-buddy\1.10.19\byte-buddy-1.10.19.jar;D:\Software\maven_repository\net\bytebuddy\byte-buddy-agent\1.10.19\byte-buddy-agent-1.10.19.jar;D:\Software\maven_repository\org\objenesis\objenesis\3.1\objenesis-3.1.jar;D:\Software\maven_repository\org\mockito\mockito-junit-jupiter\3.6.28\mockito-junit-jupiter-3.6.28.jar;D:\Software\maven_repository\org\skyscreamer\jsonassert\1.5.0\jsonassert-1.5.0.jar;D:\Software\maven_repository\com\vaadin\external\google\android-json\0.0.20131108.vaadin1\android-json-0.0.20131108.vaadin1.jar;D:\Software\maven_repository\org\springframework\spring-test\5.3.3\spring-test-5.3.3.jar;D:\Software\maven_repository\org\xmlunit\xmlunit-core\2.7.0\xmlunit-core-2.7.0.jar;"/>
    <property name="sun.cpu.endian" value="little"/>
    <property name="user.home" value="C:\Users\robin"/>
    <property name="user.language" value="zh"/>
    <property name="java.specification.vendor" value="Oracle Corporation"/>
    <property name="java.version.date" value="2019-01-15"/>
    <property name="java.home" value="D:\Software\Java\jdk-11.0.2"/>
    <property name="file.separator" value="\"/>
    <property name="basedir" value="D:\Java就业急训营\作业\stage-10\edu\edu-gateway-boot"/>
    <property name="java.vm.compressedOopsMode" value="Zero based"/>
    <property name="line.separator" value="&#10;"/>
    <property name="java.specification.name" value="Java Platform API Specification"/>
    <property name="java.vm.specification.vendor" value="Oracle Corporation"/>
    <property name="java.awt.graphicsenv" value="sun.awt.Win32GraphicsEnvironment"/>
    <property name="surefire.real.class.path" value="C:\Users\robin\AppData\Local\Temp\surefire1803520835278565663\surefirebooter14096095112360274461.jar"/>
    <property name="user.script" value=""/>
    <property name="sun.management.compiler" value="HotSpot 64-Bit Tiered Compilers"/>
    <property name="java.runtime.version" value="11.0.2+9-LTS"/>
    <property name="user.name" value="robin"/>
    <property name="path.separator" value=";"/>
    <property name="os.version" value="10.0"/>
    <property name="java.runtime.name" value="Java(TM) SE Runtime Environment"/>
    <property name="file.encoding" value="GBK"/>
    <property name="java.vm.name" value="Java HotSpot(TM) 64-Bit Server VM"/>
    <property name="java.vendor.version" value="18.9"/>
    <property name="localRepository" value="D:\Software\maven_repository"/>
    <property name="java.vendor.url.bug" value="http://bugreport.java.com/bugreport/"/>
    <property name="java.io.tmpdir" value="C:\Users\robin\AppData\Local\Temp\"/>
    <property name="java.version" value="11.0.2"/>
    <property name="user.dir" value="D:\Java就业急训营\作业\stage-10\edu\edu-gateway-boot"/>
    <property name="os.arch" value="amd64"/>
    <property name="java.vm.specification.name" value="Java Virtual Machine Specification"/>
    <property name="java.awt.printerjob" value="sun.awt.windows.WPrinterJob"/>
    <property name="sun.os.patch.level" value=""/>
    <property name="java.library.path" value="D:\Software\Java\jdk-11.0.2\bin;C:\Windows\Sun\Java\bin;C:\Windows\system32;C:\Windows;C:\Windows\system32;C:\Windows;C:\Windows\System32\Wbem;C:\Windows\System32\WindowsPowerShell\v1.0\;C:\Windows\System32\OpenSSH\;C:\Program Files (x86)\NVIDIA Corporation\PhysX\Common;C:\Program Files\NVIDIA Corporation\NVIDIA NvDLISR;D:\Software\Java\jdk-11.0.2\bin;C:\Program Files\MySQL\MySQL Server 5.7\bin;D:\Software\Microsoft VS Code\bin;D:\Software\nodejs\;D:\Software\apache\apache-tomcat-8.5.55\bin;D:\Software\Git\cmd;D:\Software\apache\apache-maven-3.6.3\bin;D:\Software\NetSarang\Xshell 7\;C:\Users\robin\AppData\Local\Microsoft\WindowsApps;C:\Users\robin\AppData\Roaming\npm;."/>
    <property name="java.vendor" value="Oracle Corporation"/>
    <property name="java.vm.info" value="mixed mode"/>
    <property name="java.vm.version" value="11.0.2+9-LTS"/>
    <property name="sun.io.unicode.encoding" value="UnicodeLittle"/>
    <property name="java.class.version" value="55.0"/>
  </properties>
  <testcase name="contextLoads" classname="com.robin.edugatewayboot.EduGatewayBootApplicationTests" time="0.338"/>
</testsuite>